<?xml version="1.0" encoding="UTF-8"?>
<!-- Generated by org.testng.reporters.JUnitReportReporter -->
<testsuite skipped="0" hostname="Bhabanis-MacBook-Air.local" name="org.westagilelabs.framework.LoginTest" tests="1" failures="0" timestamp="04 Oct 2018 08:37:59 GMT" time="37.031" errors="0">
  <testcase name="myTest" time="37.031" classname="org.westagilelabs.framework.LoginTest"/>
</testsuite> <!-- org.westagilelabs.framework.LoginTest -->
