<?xml version="1.0" encoding="UTF-8"?>
<!-- Generated by org.testng.reporters.JUnitReportReporter -->
<testsuite skipped="0" hostname="Bhabanis-MacBook-Air.local" name="org.westagilelabs.framework.LoginTest" tests="1" failures="0" timestamp="27 Sep 2018 08:01:32 GMT" time="14.825" errors="0">
  <testcase name="myTest" time="14.825" classname="org.westagilelabs.framework.LoginTest"/>
</testsuite> <!-- org.westagilelabs.framework.LoginTest -->
